<?xml version="1.0" encoding="UTF-8"?>
<!-- Generated by org.testng.reporters.JUnitXMLReporter -->
<testsuite hostname="DESKTOP-MOUJJKK" name="Test" tests="5" failures="1" timestamp="13 Sep 2019 11:10:20 GMT" time="72.093" errors="0">
  <testcase name="testInvalidLogin" time="11.745" classname="scripts.TestInvalidLogin"/>
  <testcase name="testIssueDate" time="7.404" classname="scripts.TestIssueDate"/>
  <testcase name="testMethods" time="0.119" classname="scripts.TestMethods">
    <failure type="java.lang.AssertionError" message="null">
      <![CDATA[java.lang.AssertionError: null
	at scripts.TestMethods.testMethods(TestMethods.java:23)
... Removed 27 stack frames]]>
    </failure>
  </testcase> <!-- testMethods -->
  <testcase name="testProductEdition" time="6.975" classname="scripts.TestProductEdition"/>
  <testcase name="testValidLoginPage" time="4.649" classname="scripts.TestValidLogin"/>
</testsuite> <!-- Test -->
