<?xml version="1.0" encoding="UTF-8"?>
<testng-results skipped="1" failed="0" total="1" passed="0">
  <reporter-output>
  </reporter-output>
  <suite name="Default suite" duration-ms="8366" started-at="2020-03-17T06:58:49Z" finished-at="2020-03-17T06:58:57Z">
    <groups>
    </groups>
    <test name="Default test" duration-ms="8366" started-at="2020-03-17T06:58:49Z" finished-at="2020-03-17T06:58:57Z">
      <class name="scripts.TestInvalidLogin">
        <test-method status="FAIL" signature="openApp()[pri:0, instance:scripts.TestInvalidLogin@5034c75a]" name="openApp" is-config="true" duration-ms="0" started-at="2020-03-17T12:28:49Z" finished-at="2020-03-17T12:28:49Z">
          <exception class="org.openqa.selenium.SessionNotCreatedException">
            <message>
              <![CDATA[session not created: This version of ChromeDriver only supports Chrome version 78
Build info: version: '3.141.59', revision: 'e82be7d358', time: '2018-11-14T08:25:53'
System info: host: 'DESKTOP-MOUJJKK', ip: '192.168.233.1', os.name: 'Windows 10', os.arch: 'amd64', os.version: '10.0', java.version: '1.8.0_162'
Driver info: driver.version: ChromeDriver
remote stacktrace: Backtrace:
	Ordinal0 [0x0106A923+1550627]
	Ordinal0 [0x00FEA731+1025841]
	Ordinal0 [0x00F6C715+509717]
	Ordinal0 [0x00EFFC68+64616]
	Ordinal0 [0x00EFC594+50580]
	Ordinal0 [0x00F1ACE7+175335]
	Ordinal0 [0x00F1A8ED+174317]
	Ordinal0 [0x00F18CDB+167131]
	Ordinal0 [0x00F0144A+70730]
	Ordinal0 [0x00F024D0+74960]
	Ordinal0 [0x00F02469+74857]
	Ordinal0 [0x010042F7+1131255]
	GetHandleVerifier [0x0110711D+523789]
	GetHandleVerifier [0x01106EB0+523168]
	GetHandleVerifier [0x0110E207+552695]
	GetHandleVerifier [0x0110791A+525834]
	Ordinal0 [0x00FFB82C+1095724]
	Ordinal0 [0x0100636B+1139563]
	Ordinal0 [0x010064D3+1139923]
	Ordinal0 [0x01005455+1135701]
	BaseThreadInitThunk [0x766C0419+25]
	RtlGetAppContainerNamedObjectPath [0x7786662D+237]
	RtlGetAppContainerNamedObjectPath [0x778665FD+189]
]]>
            </message>
            <full-stacktrace>
              <![CDATA[org.openqa.selenium.SessionNotCreatedException: session not created: This version of ChromeDriver only supports Chrome version 78
Build info: version: '3.141.59', revision: 'e82be7d358', time: '2018-11-14T08:25:53'
System info: host: 'DESKTOP-MOUJJKK', ip: '192.168.233.1', os.name: 'Windows 10', os.arch: 'amd64', os.version: '10.0', java.version: '1.8.0_162'
Driver info: driver.version: ChromeDriver
remote stacktrace: Backtrace:
	Ordinal0 [0x0106A923+1550627]
	Ordinal0 [0x00FEA731+1025841]
	Ordinal0 [0x00F6C715+509717]
	Ordinal0 [0x00EFFC68+64616]
	Ordinal0 [0x00EFC594+50580]
	Ordinal0 [0x00F1ACE7+175335]
	Ordinal0 [0x00F1A8ED+174317]
	Ordinal0 [0x00F18CDB+167131]
	Ordinal0 [0x00F0144A+70730]
	Ordinal0 [0x00F024D0+74960]
	Ordinal0 [0x00F02469+74857]
	Ordinal0 [0x010042F7+1131255]
	GetHandleVerifier [0x0110711D+523789]
	GetHandleVerifier [0x01106EB0+523168]
	GetHandleVerifier [0x0110E207+552695]
	GetHandleVerifier [0x0110791A+525834]
	Ordinal0 [0x00FFB82C+1095724]
	Ordinal0 [0x0100636B+1139563]
	Ordinal0 [0x010064D3+1139923]
	Ordinal0 [0x01005455+1135701]
	BaseThreadInitThunk [0x766C0419+25]
	RtlGetAppContainerNamedObjectPath [0x7786662D+237]
	RtlGetAppContainerNamedObjectPath [0x778665FD+189]

	at sun.reflect.NativeConstructorAccessorImpl.newInstance0(Native Method)
	at sun.reflect.NativeConstructorAccessorImpl.newInstance(Unknown Source)
	at sun.reflect.DelegatingConstructorAccessorImpl.newInstance(Unknown Source)
	at java.lang.reflect.Constructor.newInstance(Unknown Source)
	at org.openqa.selenium.remote.W3CHandshakeResponse.lambda$errorHandler$0(W3CHandshakeResponse.java:62)
	at org.openqa.selenium.remote.HandshakeResponse.lambda$getResponseFunction$0(HandshakeResponse.java:30)
	at org.openqa.selenium.remote.ProtocolHandshake.lambda$createSession$0(ProtocolHandshake.java:126)
	at java.util.stream.ReferencePipeline$3$1.accept(Unknown Source)
	at java.util.Spliterators$ArraySpliterator.tryAdvance(Unknown Source)
	at java.util.stream.ReferencePipeline.forEachWithCancel(Unknown Source)
	at java.util.stream.AbstractPipeline.copyIntoWithCancel(Unknown Source)
	at java.util.stream.AbstractPipeline.copyInto(Unknown Source)
	at java.util.stream.AbstractPipeline.wrapAndCopyInto(Unknown Source)
	at java.util.stream.FindOps$FindOp.evaluateSequential(Unknown Source)
	at java.util.stream.AbstractPipeline.evaluate(Unknown Source)
	at java.util.stream.ReferencePipeline.findFirst(Unknown Source)
	at org.openqa.selenium.remote.ProtocolHandshake.createSession(ProtocolHandshake.java:128)
	at org.openqa.selenium.remote.ProtocolHandshake.createSession(ProtocolHandshake.java:74)
	at org.openqa.selenium.remote.HttpCommandExecutor.execute(HttpCommandExecutor.java:136)
	at org.openqa.selenium.remote.service.DriverCommandExecutor.execute(DriverCommandExecutor.java:83)
	at org.openqa.selenium.remote.RemoteWebDriver.execute(RemoteWebDriver.java:552)
	at org.openqa.selenium.remote.RemoteWebDriver.startSession(RemoteWebDriver.java:213)
	at org.openqa.selenium.remote.RemoteWebDriver.<init>(RemoteWebDriver.java:131)
	at org.openqa.selenium.chrome.ChromeDriver.<init>(ChromeDriver.java:181)
	at org.openqa.selenium.chrome.ChromeDriver.<init>(ChromeDriver.java:168)
	at org.openqa.selenium.chrome.ChromeDriver.<init>(ChromeDriver.java:123)
	at generic.BaseTest.openApp(BaseTest.java:29)
	at sun.reflect.NativeMethodAccessorImpl.invoke0(Native Method)
	at sun.reflect.NativeMethodAccessorImpl.invoke(Unknown Source)
	at sun.reflect.DelegatingMethodAccessorImpl.invoke(Unknown Source)
	at java.lang.reflect.Method.invoke(Unknown Source)
	at org.testng.internal.MethodInvocationHelper.invokeMethod(MethodInvocationHelper.java:100)
	at org.testng.internal.Invoker.invokeConfigurationMethod(Invoker.java:515)
	at org.testng.internal.Invoker.invokeConfigurations(Invoker.java:216)
	at org.testng.internal.Invoker.invokeMethod(Invoker.java:590)
	at org.testng.internal.Invoker.invokeTestMethod(Invoker.java:811)
	at org.testng.internal.Invoker.invokeTestMethods(Invoker.java:1129)
	at org.testng.internal.TestMethodWorker.invokeTestMethods(TestMethodWorker.java:129)
	at org.testng.internal.TestMethodWorker.run(TestMethodWorker.java:112)
	at org.testng.TestRunner.privateRun(TestRunner.java:746)
	at org.testng.TestRunner.run(TestRunner.java:600)
	at org.testng.SuiteRunner.runTest(SuiteRunner.java:366)
	at org.testng.SuiteRunner.runSequentially(SuiteRunner.java:361)
	at org.testng.SuiteRunner.privateRun(SuiteRunner.java:319)
	at org.testng.SuiteRunner.run(SuiteRunner.java:268)
	at org.testng.SuiteRunnerWorker.runSuite(SuiteRunnerWorker.java:52)
	at org.testng.SuiteRunnerWorker.run(SuiteRunnerWorker.java:86)
	at org.testng.TestNG.runSuitesSequentially(TestNG.java:1264)
	at org.testng.TestNG.runSuitesLocally(TestNG.java:1189)
	at org.testng.TestNG.runSuites(TestNG.java:1104)
	at org.testng.TestNG.run(TestNG.java:1076)
	at org.testng.remote.AbstractRemoteTestNG.run(AbstractRemoteTestNG.java:126)
	at org.testng.remote.RemoteTestNG.initAndRun(RemoteTestNG.java:152)
	at org.testng.remote.RemoteTestNG.main(RemoteTestNG.java:57)
]]>
            </full-stacktrace>
          </exception> <!-- org.openqa.selenium.SessionNotCreatedException -->
          <reporter-output>
          </reporter-output>
        </test-method> <!-- openApp -->
        <test-method status="SKIP" signature="testInvalidLogin()[pri:0, instance:scripts.TestInvalidLogin@5034c75a]" name="testInvalidLogin" duration-ms="2" started-at="2020-03-17T12:28:57Z" finished-at="2020-03-17T12:28:57Z">
          <reporter-output>
          </reporter-output>
        </test-method> <!-- testInvalidLogin -->
        <test-method status="SKIP" signature="closeApp(org.testng.ITestResult)[pri:0, instance:scripts.TestInvalidLogin@5034c75a]" name="closeApp" is-config="true" duration-ms="0" started-at="2020-03-17T12:28:57Z" finished-at="2020-03-17T12:28:57Z">
          <reporter-output>
          </reporter-output>
        </test-method> <!-- closeApp -->
        <test-method status="SKIP" signature="generateReport()[pri:0, instance:scripts.TestInvalidLogin@5034c75a]" name="generateReport" is-config="true" duration-ms="0" started-at="2020-03-17T12:28:57Z" finished-at="2020-03-17T12:28:57Z">
          <reporter-output>
          </reporter-output>
        </test-method> <!-- generateReport -->
      </class> <!-- scripts.TestInvalidLogin -->
    </test> <!-- Default test -->
  </suite> <!-- Default suite -->
</testng-results>
